  Using bundled DotNet SDK
  Log file: C:\Users\zach\AppData\Local\UnrealBuildTool\Log.txt
  Invalidating makefile for LiDAREditor (working set of source files changed)
  Parsing headers for LiDAREditor
    Running UnrealHeaderTool "C:\Users\zach\Documents\GitHub\LiDAR\LiDAR\LiDAR\LiDAR.uproject" "C:\Users\zach\Documents\GitHub\LiDAR\LiDAR\LiDAR\Intermediate\Build\Win64\LiDAREditor\Development\LiDAREditor.uhtmanifest" -LogCmds="loginit warning, logexit warning, logdatabase error" -Unattended -WarningsAsErrors -abslog="C:\Users\zach\AppData\Local\UnrealBuildTool\Log_UHT.txt" -installed
  Reflection code generated for LiDAREditor in 1.9269174 seconds
  Building LiDAREditor...
  Using Visual Studio 2022 14.34.31933 toolchain (C:\Program Files\Microsoft Visual Studio\2022\Community\VC\Tools\MSVC\14.34.31933) and Windows 10.0.22000.0 SDK (C:\Program Files (x86)\Windows Kits\10).
  [Adaptive Build] Excluded from LiDAR unity file: Dot.cpp, FirstDiagloueScriptedSequence.cpp, FirstPersonCharacter.cpp, InteractableInterface.cpp, Laser.cpp, LEMON.cpp, LEMONAnimInstance.cpp, LEMONWidget.cpp, LiDAR.cpp, LiDARGameModeBase.cpp, MovableStaticMeshComponent.cpp, MovingStaticMeshActor.cpp, PressurePlate.cpp, SpotlightActor.cpp, Trigger.cpp, WeaponPickupComponent.cpp
  Distributing 8 actions to XGE
  --------------------Build System Warning---------------------------------------
  License is invalid:
      License information is invalid. Please try reloading your license file using the Coordinator Monitor application on the Coordinator machine, or reinstall IncrediBuild.
      This build will run in standalone mode.
  
  -------------------------------------------------------------------------------
  
  Build ID: {B9045407-58E7-4493-A8D1-A183DAE000B3}
  
  --------------------Project: Default-------------------------------------------
  [1/8] PressurePlate.gen.cpp (0:00.76 at +0:00)
  [2/8] LiDAR.init.gen.cpp (0:00.53 at +0:00)
  [3/8] PressurePlate.cpp (0:01.01 at +0:01)
  [4/8] Trigger.cpp (0:00.93 at +0:02)
  [5/8] Trigger.gen.cpp (0:00.65 at +0:03)
  [6/8] UnrealEditor-LiDAR.dll (0:00.71 at +0:03)
     Creating library C:\Users\zach\Documents\GitHub\LiDAR\LiDAR\LiDAR\Intermediate\Build\Win64\UnrealEditor\Development\LiDAR\UnrealEditor-LiDAR.suppressed.lib and object C:\Users\zach\Documents\GitHub\LiDAR\LiDAR\LiDAR\Intermediate\Build\Win64\UnrealEditor\Development\LiDAR\UnrealEditor-LiDAR.suppressed.exp
  [7/8] UnrealEditor-LiDAR.lib (0:00.09 at +0:04)
     Creating library C:\Users\zach\Documents\GitHub\LiDAR\LiDAR\LiDAR\Intermediate\Build\Win64\UnrealEditor\Development\LiDAR\UnrealEditor-LiDAR.lib and object C:\Users\zach\Documents\GitHub\LiDAR\LiDAR\LiDAR\Intermediate\Build\Win64\UnrealEditor\Development\LiDAR\UnrealEditor-LiDAR.exp
  [8/8] LiDAREditor.target (0:00.25 at +0:04)
  ---------------------- Done ----------------------
  
      Rebuild All: 1 succeeded, 0 failed, 0 skipped
  
  1 build system warning(s):
     - License is invalid
  
  Total time in XGE executor: 5.21 seconds
  Total execution time: 8.88 seconds
